<?xml version="1.0" encoding="UTF-8"?>
<testsuite name="TruckTest" tests="4" skipped="0" failures="0" errors="0" timestamp="2024-12-30T15:02:24" hostname="DESKTOP-6KC0H5D" time="0.112">
  <properties/>
  <testcase name="testInvalidRent()" classname="TruckTest" time="0.056"/>
  <testcase name="testCalculateRentalCost()" classname="TruckTest" time="0.007"/>
  <testcase name="testRentAndReturn()" classname="TruckTest" time="0.029"/>
  <testcase name="testIsAvailableForRental()" classname="TruckTest" time="0.009"/>
  <system-out><![CDATA[Truck is not available for rental.
Truck rented to Addy Amaniampong for 5 days. Total cost: Cedis 250000.0
Truck returned. Thank you!
]]></system-out>
  <system-err><![CDATA[]]></system-err>
</testsuite>
